<?xml version="1.0" encoding="UTF-8"?>
<testng-results ignored="0" total="2" passed="2" failed="0" skipped="0">
  <reporter-output>
  </reporter-output>
  <suite started-at="2024-10-05T22:14:38 IST" name="Default suite" finished-at="2024-10-05T22:15:31 IST" duration-ms="52921">
    <groups>
    </groups>
    <test started-at="2024-10-05T22:14:38 IST" name="Default test" finished-at="2024-10-05T22:15:31 IST" duration-ms="52921">
      <class name="com.flipkart.qa.test.CrossBrowsing">
        <test-method is-config="true" signature="browser()[pri:0, instance:com.flipkart.qa.test.CrossBrowsing@7d0b7e3c]" started-at="2024-10-05T22:14:38 IST" name="browser" finished-at="2024-10-05T22:14:38 IST" duration-ms="9" status="PASS">
          <reporter-output>
          </reporter-output>
        </test-method> <!-- browser -->
        <test-method signature="launch(java.lang.String)[pri:0, instance:com.flipkart.qa.test.CrossBrowsing@7d0b7e3c]" started-at="2024-10-05T22:14:38 IST" name="launch" data-provider="browser" finished-at="2024-10-05T22:14:44 IST" duration-ms="6019" status="PASS">
          <params>
            <param index="0">
              <value>
                <![CDATA[chrome]]>
              </value>
            </param>
          </params>
          <reporter-output>
          </reporter-output>
        </test-method> <!-- launch -->
        <test-method is-config="true" signature="tearUp()[pri:0, instance:com.flipkart.qa.test.CrossBrowsing@7d0b7e3c]" started-at="2024-10-05T22:14:44 IST" name="tearUp" finished-at="2024-10-05T22:14:45 IST" duration-ms="320" status="PASS">
          <reporter-output>
          </reporter-output>
        </test-method> <!-- tearUp -->
        <test-method is-config="true" signature="browser()[pri:0, instance:com.flipkart.qa.test.CrossBrowsing@7d0b7e3c]" started-at="2024-10-05T22:14:45 IST" name="browser" finished-at="2024-10-05T22:14:45 IST" duration-ms="1" status="PASS">
          <reporter-output>
          </reporter-output>
        </test-method> <!-- browser -->
        <test-method signature="launch(java.lang.String)[pri:0, instance:com.flipkart.qa.test.CrossBrowsing@7d0b7e3c]" started-at="2024-10-05T22:14:45 IST" name="launch" data-provider="browser" finished-at="2024-10-05T22:15:30 IST" duration-ms="45019" status="PASS">
          <params>
            <param index="0">
              <value>
                <![CDATA[firefox]]>
              </value>
            </param>
          </params>
          <reporter-output>
          </reporter-output>
        </test-method> <!-- launch -->
        <test-method is-config="true" signature="tearUp()[pri:0, instance:com.flipkart.qa.test.CrossBrowsing@7d0b7e3c]" started-at="2024-10-05T22:15:30 IST" name="tearUp" finished-at="2024-10-05T22:15:31 IST" duration-ms="1479" status="PASS">
          <reporter-output>
          </reporter-output>
        </test-method> <!-- tearUp -->
      </class> <!-- com.flipkart.qa.test.CrossBrowsing -->
    </test> <!-- Default test -->
  </suite> <!-- Default suite -->
</testng-results>
